[1006/011852.565:ERROR:process_reader_win.cc(151)] SuspendThread: 存取被拒。 (0x5)
[1006/011852.567:ERROR:process_reader_win.cc(123)] NtOpenThread: {拒絕存取} 程序已請求存取一物件，但未被授與存取權。 (0xc0000022)
[1006/011852.567:ERROR:exception_snapshot_win.cc(99)] thread ID 27496 not found in process
[1006/011852.587:ERROR:process_reader_win.cc(151)] SuspendThread: 存取被拒。 (0x5)
[1006/011852.589:ERROR:process_reader_win.cc(151)] SuspendThread: 存取被拒。 (0x5)
[1006/011852.589:ERROR:process_reader_win.cc(123)] NtOpenThread: {拒絕存取} 程序已請求存取一物件，但未被授與存取權。 (0xc0000022)
[1006/011852.589:ERROR:exception_snapshot_win.cc(99)] thread ID 11732 not found in process
[1006/011852.610:ERROR:process_reader_win.cc(123)] NtOpenThread: {拒絕存取} 程序已請求存取一物件，但未被授與存取權。 (0xc0000022)
[1006/011852.612:ERROR:exception_snapshot_win.cc(99)] thread ID 27364 not found in process
[1006/011852.643:ERROR:process_reader_win.cc(151)] SuspendThread: 存取被拒。 (0x5)
[1006/011852.645:ERROR:process_reader_win.cc(123)] NtOpenThread: {拒絕存取} 程序已請求存取一物件，但未被授與存取權。 (0xc0000022)
[1006/011852.646:ERROR:exception_snapshot_win.cc(99)] thread ID 32064 not found in process
[1006/011852.665:ERROR:process_reader_win.cc(151)] SuspendThread: 存取被拒。 (0x5)
[1006/011852.667:ERROR:process_reader_win.cc(151)] SuspendThread: 存取被拒。 (0x5)
[1006/011852.667:ERROR:process_reader_win.cc(123)] NtOpenThread: {拒絕存取} 程序已請求存取一物件，但未被授與存取權。 (0xc0000022)
[1006/011852.667:ERROR:exception_snapshot_win.cc(99)] thread ID 22348 not found in process
[1006/011852.691:ERROR:process_reader_win.cc(151)] SuspendThread: 存取被拒。 (0x5)
[1006/011852.693:ERROR:process_reader_win.cc(123)] NtOpenThread: {拒絕存取} 程序已請求存取一物件，但未被授與存取權。 (0xc0000022)
[1006/011852.693:ERROR:exception_snapshot_win.cc(99)] thread ID 16916 not found in process
[1006/011852.714:ERROR:process_reader_win.cc(151)] SuspendThread: 存取被拒。 (0x5)
[1006/011852.716:ERROR:process_reader_win.cc(123)] NtOpenThread: {拒絕存取} 程序已請求存取一物件，但未被授與存取權。 (0xc0000022)
[1006/011852.716:ERROR:exception_snapshot_win.cc(99)] thread ID 25496 not found in process
[1006/011852.739:ERROR:process_reader_win.cc(123)] NtOpenThread: {拒絕存取} 程序已請求存取一物件，但未被授與存取權。 (0xc0000022)
[1006/011852.740:ERROR:exception_snapshot_win.cc(99)] thread ID 21468 not found in process
[1006/011852.773:ERROR:process_reader_win.cc(151)] SuspendThread: 存取被拒。 (0x5)
[1006/011852.775:ERROR:process_reader_win.cc(123)] NtOpenThread: {拒絕存取} 程序已請求存取一物件，但未被授與存取權。 (0xc0000022)
[1006/011852.775:ERROR:exception_snapshot_win.cc(99)] thread ID 16656 not found in process
[1006/011852.796:ERROR:process_reader_win.cc(151)] SuspendThread: 存取被拒。 (0x5)
[1006/011852.798:ERROR:process_reader_win.cc(123)] NtOpenThread: {拒絕存取} 程序已請求存取一物件，但未被授與存取權。 (0xc0000022)
[1006/011852.799:ERROR:exception_snapshot_win.cc(99)] thread ID 26560 not found in process
[1006/011852.823:ERROR:process_reader_win.cc(151)] SuspendThread: 存取被拒。 (0x5)
[1006/011852.825:ERROR:process_reader_win.cc(123)] NtOpenThread: {拒絕存取} 程序已請求存取一物件，但未被授與存取權。 (0xc0000022)
[1006/011852.826:ERROR:exception_snapshot_win.cc(99)] thread ID 18384 not found in process
[1006/011852.853:ERROR:process_reader_win.cc(151)] SuspendThread: 存取被拒。 (0x5)
[1006/011852.854:ERROR:process_reader_win.cc(123)] NtOpenThread: {拒絕存取} 程序已請求存取一物件，但未被授與存取權。 (0xc0000022)
[1006/011852.855:ERROR:exception_snapshot_win.cc(99)] thread ID 11976 not found in process
[1006/011852.880:ERROR:process_reader_win.cc(151)] SuspendThread: 存取被拒。 (0x5)
[1006/011852.880:ERROR:process_reader_win.cc(123)] NtOpenThread: {拒絕存取} 程序已請求存取一物件，但未被授與存取權。 (0xc0000022)
[1006/011852.880:ERROR:exception_snapshot_win.cc(99)] thread ID 19424 not found in process
[1006/011852.901:ERROR:process_reader_win.cc(151)] SuspendThread: 存取被拒。 (0x5)
[1006/011852.903:ERROR:process_reader_win.cc(123)] NtOpenThread: {拒絕存取} 程序已請求存取一物件，但未被授與存取權。 (0xc0000022)
[1006/011852.903:ERROR:exception_snapshot_win.cc(99)] thread ID 30356 not found in process
[1006/011852.927:ERROR:process_reader_win.cc(123)] NtOpenThread: {拒絕存取} 程序已請求存取一物件，但未被授與存取權。 (0xc0000022)
[1006/011852.929:ERROR:exception_snapshot_win.cc(99)] thread ID 18320 not found in process
[1006/011853.443:ERROR:process_reader_win.cc(151)] SuspendThread: 存取被拒。 (0x5)
[1006/011853.443:ERROR:process_reader_win.cc(123)] NtOpenThread: {拒絕存取} 程序已請求存取一物件，但未被授與存取權。 (0xc0000022)
[1006/011853.443:ERROR:exception_snapshot_win.cc(99)] thread ID 17708 not found in process
[1006/011853.469:ERROR:process_reader_win.cc(151)] SuspendThread: 存取被拒。 (0x5)
[1006/011853.471:ERROR:process_reader_win.cc(151)] SuspendThread: 存取被拒。 (0x5)
[1006/011853.472:ERROR:process_reader_win.cc(151)] SuspendThread: 存取被拒。 (0x5)
[1006/011853.472:ERROR:process_reader_win.cc(151)] SuspendThread: 存取被拒。 (0x5)
[1006/011853.472:ERROR:process_reader_win.cc(123)] NtOpenThread: {拒絕存取} 程序已請求存取一物件，但未被授與存取權。 (0xc0000022)
[1006/011853.472:ERROR:exception_snapshot_win.cc(99)] thread ID 21184 not found in process
[1006/011853.494:ERROR:process_reader_win.cc(123)] NtOpenThread: {拒絕存取} 程序已請求存取一物件，但未被授與存取權。 (0xc0000022)
[1006/011853.496:ERROR:exception_snapshot_win.cc(99)] thread ID 29600 not found in process
[1006/011853.571:ERROR:process_reader_win.cc(151)] SuspendThread: 存取被拒。 (0x5)
[1006/011853.572:ERROR:process_reader_win.cc(151)] SuspendThread: 存取被拒。 (0x5)
[1006/011853.573:ERROR:process_reader_win.cc(123)] NtOpenThread: {拒絕存取} 程序已請求存取一物件，但未被授與存取權。 (0xc0000022)
[1006/011853.573:ERROR:exception_snapshot_win.cc(99)] thread ID 12272 not found in process
[1006/011853.597:ERROR:process_reader_win.cc(151)] SuspendThread: 存取被拒。 (0x5)
[1006/011853.597:ERROR:process_reader_win.cc(151)] SuspendThread: 存取被拒。 (0x5)
[1006/011853.597:ERROR:process_reader_win.cc(151)] SuspendThread: 存取被拒。 (0x5)
[1006/011853.597:ERROR:process_reader_win.cc(151)] SuspendThread: 存取被拒。 (0x5)
[1006/011853.598:ERROR:process_reader_win.cc(151)] SuspendThread: 存取被拒。 (0x5)
[1006/011853.598:ERROR:process_reader_win.cc(151)] SuspendThread: 存取被拒。 (0x5)
[1006/011853.598:ERROR:process_reader_win.cc(151)] SuspendThread: 存取被拒。 (0x5)
[1006/011853.598:ERROR:process_reader_win.cc(123)] NtOpenThread: {拒絕存取} 程序已請求存取一物件，但未被授與存取權。 (0xc0000022)
[1006/011853.598:ERROR:exception_snapshot_win.cc(99)] thread ID 30984 not found in process
[1006/011853.620:ERROR:process_reader_win.cc(151)] SuspendThread: 存取被拒。 (0x5)
[1006/011853.621:ERROR:process_reader_win.cc(151)] SuspendThread: 存取被拒。 (0x5)
[1006/011853.621:ERROR:process_reader_win.cc(151)] SuspendThread: 存取被拒。 (0x5)
[1006/011853.622:ERROR:process_reader_win.cc(151)] SuspendThread: 存取被拒。 (0x5)
[1006/011853.622:ERROR:process_reader_win.cc(151)] SuspendThread: 存取被拒。 (0x5)
[1006/011853.622:ERROR:process_reader_win.cc(151)] SuspendThread: 存取被拒。 (0x5)
[1006/011853.622:ERROR:process_reader_win.cc(151)] SuspendThread: 存取被拒。 (0x5)
[1006/011853.622:ERROR:process_reader_win.cc(123)] NtOpenThread: {拒絕存取} 程序已請求存取一物件，但未被授與存取權。 (0xc0000022)
[1006/011853.622:ERROR:exception_snapshot_win.cc(99)] thread ID 696 not found in process
[1006/011853.646:ERROR:process_reader_win.cc(151)] SuspendThread: 存取被拒。 (0x5)
[1006/011853.648:ERROR:process_reader_win.cc(151)] SuspendThread: 存取被拒。 (0x5)
[1006/011853.648:ERROR:process_reader_win.cc(151)] SuspendThread: 存取被拒。 (0x5)
[1006/011853.648:ERROR:process_reader_win.cc(151)] SuspendThread: 存取被拒。 (0x5)
[1006/011853.648:ERROR:process_reader_win.cc(151)] SuspendThread: 存取被拒。 (0x5)
[1006/011853.648:ERROR:process_reader_win.cc(123)] NtOpenThread: {拒絕存取} 程序已請求存取一物件，但未被授與存取權。 (0xc0000022)
[1006/011853.649:ERROR:exception_snapshot_win.cc(99)] thread ID 25452 not found in process
[1006/011853.672:ERROR:process_reader_win.cc(151)] SuspendThread: 存取被拒。 (0x5)
[1006/011853.674:ERROR:process_reader_win.cc(151)] SuspendThread: 存取被拒。 (0x5)
[1006/011853.674:ERROR:process_reader_win.cc(151)] SuspendThread: 存取被拒。 (0x5)
[1006/011853.674:ERROR:process_reader_win.cc(151)] SuspendThread: 存取被拒。 (0x5)
[1006/011853.674:ERROR:process_reader_win.cc(151)] SuspendThread: 存取被拒。 (0x5)
[1006/011853.674:ERROR:process_reader_win.cc(151)] SuspendThread: 存取被拒。 (0x5)
[1006/011853.674:ERROR:process_reader_win.cc(151)] SuspendThread: 存取被拒。 (0x5)
[1006/011853.674:ERROR:process_reader_win.cc(123)] NtOpenThread: {拒絕存取} 程序已請求存取一物件，但未被授與存取權。 (0xc0000022)
[1006/011853.675:ERROR:exception_snapshot_win.cc(99)] thread ID 25976 not found in process
[1006/011853.696:ERROR:process_reader_win.cc(151)] SuspendThread: 存取被拒。 (0x5)
[1006/011853.696:ERROR:process_reader_win.cc(151)] SuspendThread: 存取被拒。 (0x5)
[1006/011853.696:ERROR:process_reader_win.cc(151)] SuspendThread: 存取被拒。 (0x5)
[1006/011853.697:ERROR:process_reader_win.cc(151)] SuspendThread: 存取被拒。 (0x5)
[1006/011853.697:ERROR:process_reader_win.cc(151)] SuspendThread: 存取被拒。 (0x5)
[1006/011853.697:ERROR:process_reader_win.cc(151)] SuspendThread: 存取被拒。 (0x5)
[1006/011853.697:ERROR:process_reader_win.cc(123)] NtOpenThread: {拒絕存取} 程序已請求存取一物件，但未被授與存取權。 (0xc0000022)
[1006/011853.697:ERROR:exception_snapshot_win.cc(99)] thread ID 28296 not found in process
[1006/011853.726:ERROR:process_reader_win.cc(151)] SuspendThread: 存取被拒。 (0x5)
[1006/011853.726:ERROR:process_reader_win.cc(151)] SuspendThread: 存取被拒。 (0x5)
[1006/011853.726:ERROR:process_reader_win.cc(123)] NtOpenThread: {拒絕存取} 程序已請求存取一物件，但未被授與存取權。 (0xc0000022)
[1006/011853.726:ERROR:exception_snapshot_win.cc(99)] thread ID 31924 not found in process
[1006/011853.748:ERROR:process_reader_win.cc(151)] SuspendThread: 存取被拒。 (0x5)
[1006/011853.748:ERROR:process_reader_win.cc(151)] SuspendThread: 存取被拒。 (0x5)
[1006/011853.748:ERROR:process_reader_win.cc(123)] NtOpenThread: {拒絕存取} 程序已請求存取一物件，但未被授與存取權。 (0xc0000022)
[1006/011853.748:ERROR:exception_snapshot_win.cc(99)] thread ID 21360 not found in process
[1006/011853.769:ERROR:process_reader_win.cc(151)] SuspendThread: 存取被拒。 (0x5)
[1006/011853.770:ERROR:process_reader_win.cc(151)] SuspendThread: 存取被拒。 (0x5)
[1006/011853.770:ERROR:process_reader_win.cc(151)] SuspendThread: 存取被拒。 (0x5)
[1006/011853.770:ERROR:process_reader_win.cc(151)] SuspendThread: 存取被拒。 (0x5)
[1006/011853.770:ERROR:process_reader_win.cc(151)] SuspendThread: 存取被拒。 (0x5)
[1006/011853.770:ERROR:process_reader_win.cc(151)] SuspendThread: 存取被拒。 (0x5)
[1006/011853.770:ERROR:process_reader_win.cc(151)] SuspendThread: 存取被拒。 (0x5)
[1006/011853.770:ERROR:process_reader_win.cc(123)] NtOpenThread: {拒絕存取} 程序已請求存取一物件，但未被授與存取權。 (0xc0000022)
[1006/011853.770:ERROR:exception_snapshot_win.cc(99)] thread ID 5424 not found in process
[1006/011853.844:ERROR:process_reader_win.cc(151)] SuspendThread: 存取被拒。 (0x5)
[1006/011853.844:ERROR:process_reader_win.cc(151)] SuspendThread: 存取被拒。 (0x5)
[1006/011853.844:ERROR:process_reader_win.cc(151)] SuspendThread: 存取被拒。 (0x5)
[1006/011853.844:ERROR:process_reader_win.cc(151)] SuspendThread: 存取被拒。 (0x5)
[1006/011853.844:ERROR:process_reader_win.cc(151)] SuspendThread: 存取被拒。 (0x5)
[1006/011853.844:ERROR:process_reader_win.cc(151)] SuspendThread: 存取被拒。 (0x5)
[1006/011853.844:ERROR:process_reader_win.cc(151)] SuspendThread: 存取被拒。 (0x5)
[1006/011853.844:ERROR:process_reader_win.cc(123)] NtOpenThread: {拒絕存取} 程序已請求存取一物件，但未被授與存取權。 (0xc0000022)
[1006/011853.845:ERROR:exception_snapshot_win.cc(99)] thread ID 32588 not found in process
[1006/011853.866:ERROR:process_reader_win.cc(151)] SuspendThread: 存取被拒。 (0x5)
[1006/011853.866:ERROR:process_reader_win.cc(151)] SuspendThread: 存取被拒。 (0x5)
[1006/011853.866:ERROR:process_reader_win.cc(151)] SuspendThread: 存取被拒。 (0x5)
[1006/011853.866:ERROR:process_reader_win.cc(151)] SuspendThread: 存取被拒。 (0x5)
[1006/011853.867:ERROR:process_reader_win.cc(151)] SuspendThread: 存取被拒。 (0x5)
[1006/011853.867:ERROR:process_reader_win.cc(151)] SuspendThread: 存取被拒。 (0x5)
[1006/011853.867:ERROR:process_reader_win.cc(151)] SuspendThread: 存取被拒。 (0x5)
[1006/011853.867:ERROR:process_reader_win.cc(123)] NtOpenThread: {拒絕存取} 程序已請求存取一物件，但未被授與存取權。 (0xc0000022)
[1006/011853.867:ERROR:exception_snapshot_win.cc(99)] thread ID 28040 not found in process
[1006/011853.891:ERROR:process_reader_win.cc(151)] SuspendThread: 存取被拒。 (0x5)
[1006/011853.891:ERROR:process_reader_win.cc(151)] SuspendThread: 存取被拒。 (0x5)
[1006/011853.891:ERROR:process_reader_win.cc(151)] SuspendThread: 存取被拒。 (0x5)
[1006/011853.891:ERROR:process_reader_win.cc(151)] SuspendThread: 存取被拒。 (0x5)
[1006/011853.891:ERROR:process_reader_win.cc(151)] SuspendThread: 存取被拒。 (0x5)
[1006/011853.891:ERROR:process_reader_win.cc(151)] SuspendThread: 存取被拒。 (0x5)
[1006/011853.891:ERROR:process_reader_win.cc(151)] SuspendThread: 存取被拒。 (0x5)
[1006/011853.891:ERROR:process_reader_win.cc(123)] NtOpenThread: {拒絕存取} 程序已請求存取一物件，但未被授與存取權。 (0xc0000022)
[1006/011853.891:ERROR:exception_snapshot_win.cc(99)] thread ID 20288 not found in process
[1006/011853.914:ERROR:process_reader_win.cc(151)] SuspendThread: 存取被拒。 (0x5)
[1006/011853.914:ERROR:process_reader_win.cc(151)] SuspendThread: 存取被拒。 (0x5)
[1006/011853.914:ERROR:process_reader_win.cc(151)] SuspendThread: 存取被拒。 (0x5)
[1006/011853.914:ERROR:process_reader_win.cc(151)] SuspendThread: 存取被拒。 (0x5)
[1006/011853.914:ERROR:process_reader_win.cc(151)] SuspendThread: 存取被拒。 (0x5)
[1006/011853.914:ERROR:process_reader_win.cc(151)] SuspendThread: 存取被拒。 (0x5)
[1006/011853.914:ERROR:process_reader_win.cc(151)] SuspendThread: 存取被拒。 (0x5)
[1006/011853.914:ERROR:process_reader_win.cc(123)] NtOpenThread: {拒絕存取} 程序已請求存取一物件，但未被授與存取權。 (0xc0000022)
[1006/011853.915:ERROR:exception_snapshot_win.cc(99)] thread ID 29444 not found in process
[1006/011853.970:ERROR:process_reader_win.cc(151)] SuspendThread: 存取被拒。 (0x5)
[1006/011853.970:ERROR:process_reader_win.cc(151)] SuspendThread: 存取被拒。 (0x5)
[1006/011853.970:ERROR:process_reader_win.cc(151)] SuspendThread: 存取被拒。 (0x5)
[1006/011853.970:ERROR:process_reader_win.cc(151)] SuspendThread: 存取被拒。 (0x5)
[1006/011853.970:ERROR:process_reader_win.cc(151)] SuspendThread: 存取被拒。 (0x5)
[1006/011853.970:ERROR:process_reader_win.cc(151)] SuspendThread: 存取被拒。 (0x5)
[1006/011853.970:ERROR:process_reader_win.cc(151)] SuspendThread: 存取被拒。 (0x5)
[1006/011853.970:ERROR:process_reader_win.cc(151)] SuspendThread: 存取被拒。 (0x5)
[1006/011853.970:ERROR:process_reader_win.cc(123)] NtOpenThread: {拒絕存取} 程序已請求存取一物件，但未被授與存取權。 (0xc0000022)
[1006/011853.970:ERROR:exception_snapshot_win.cc(99)] thread ID 25496 not found in process
[1006/011854.034:ERROR:process_reader_win.cc(151)] SuspendThread: 存取被拒。 (0x5)
[1006/011854.036:ERROR:process_reader_win.cc(151)] SuspendThread: 存取被拒。 (0x5)
[1006/011854.036:ERROR:process_reader_win.cc(151)] SuspendThread: 存取被拒。 (0x5)
[1006/011854.037:ERROR:process_reader_win.cc(151)] SuspendThread: 存取被拒。 (0x5)
[1006/011854.037:ERROR:process_reader_win.cc(151)] SuspendThread: 存取被拒。 (0x5)
[1006/011854.037:ERROR:process_reader_win.cc(151)] SuspendThread: 存取被拒。 (0x5)
[1006/011854.037:ERROR:process_reader_win.cc(123)] NtOpenThread: {拒絕存取} 程序已請求存取一物件，但未被授與存取權。 (0xc0000022)
[1006/011854.037:ERROR:exception_snapshot_win.cc(99)] thread ID 19180 not found in process
[1006/011854.064:ERROR:process_reader_win.cc(151)] SuspendThread: 存取被拒。 (0x5)
[1006/011854.064:ERROR:process_reader_win.cc(151)] SuspendThread: 存取被拒。 (0x5)
[1006/011854.064:ERROR:process_reader_win.cc(151)] SuspendThread: 存取被拒。 (0x5)
[1006/011854.064:ERROR:process_reader_win.cc(151)] SuspendThread: 存取被拒。 (0x5)
[1006/011854.064:ERROR:process_reader_win.cc(151)] SuspendThread: 存取被拒。 (0x5)
[1006/011854.064:ERROR:process_reader_win.cc(151)] SuspendThread: 存取被拒。 (0x5)
[1006/011854.064:ERROR:process_reader_win.cc(123)] NtOpenThread: {拒絕存取} 程序已請求存取一物件，但未被授與存取權。 (0xc0000022)
[1006/011854.064:ERROR:exception_snapshot_win.cc(99)] thread ID 16656 not found in process
[1006/011854.127:ERROR:process_reader_win.cc(151)] SuspendThread: 存取被拒。 (0x5)
[1006/011854.128:ERROR:process_reader_win.cc(151)] SuspendThread: 存取被拒。 (0x5)
[1006/011854.128:ERROR:process_reader_win.cc(151)] SuspendThread: 存取被拒。 (0x5)
[1006/011854.128:ERROR:process_reader_win.cc(151)] SuspendThread: 存取被拒。 (0x5)
[1006/011854.128:ERROR:process_reader_win.cc(151)] SuspendThread: 存取被拒。 (0x5)
[1006/011854.128:ERROR:process_reader_win.cc(151)] SuspendThread: 存取被拒。 (0x5)
[1006/011854.128:ERROR:process_reader_win.cc(151)] SuspendThread: 存取被拒。 (0x5)
[1006/011854.128:ERROR:process_reader_win.cc(151)] SuspendThread: 存取被拒。 (0x5)
[1006/011854.128:ERROR:process_reader_win.cc(151)] SuspendThread: 存取被拒。 (0x5)
[1006/011854.128:ERROR:process_reader_win.cc(151)] SuspendThread: 存取被拒。 (0x5)
[1006/011854.128:ERROR:process_reader_win.cc(151)] SuspendThread: 存取被拒。 (0x5)
[1006/011854.128:ERROR:process_reader_win.cc(151)] SuspendThread: 存取被拒。 (0x5)
[1006/011854.128:ERROR:process_reader_win.cc(123)] NtOpenThread: {拒絕存取} 程序已請求存取一物件，但未被授與存取權。 (0xc0000022)
[1006/011854.128:ERROR:exception_snapshot_win.cc(99)] thread ID 10176 not found in process
[1006/011854.287:ERROR:process_reader_win.cc(123)] NtOpenThread: {拒絕存取} 程序已請求存取一物件，但未被授與存取權。 (0xc0000022)
[1006/011854.287:ERROR:exception_snapshot_win.cc(99)] thread ID 19760 not found in process
[1006/011854.683:ERROR:process_reader_win.cc(151)] SuspendThread: 存取被拒。 (0x5)
[1006/011854.683:ERROR:process_reader_win.cc(151)] SuspendThread: 存取被拒。 (0x5)
[1006/011854.683:ERROR:process_reader_win.cc(151)] SuspendThread: 存取被拒。 (0x5)
[1006/011854.683:ERROR:process_reader_win.cc(151)] SuspendThread: 存取被拒。 (0x5)
[1006/011854.683:ERROR:process_reader_win.cc(123)] NtOpenThread: 指定不正確的用戶端識別碼。 (0xc000000b)
[1006/011854.683:ERROR:process_reader_win.cc(151)] SuspendThread: 存取被拒。 (0x5)
[1006/011854.684:ERROR:process_reader_win.cc(151)] SuspendThread: 存取被拒。 (0x5)
[1006/011854.684:ERROR:process_reader_win.cc(151)] SuspendThread: 存取被拒。 (0x5)
[1006/011854.684:ERROR:process_reader_win.cc(151)] SuspendThread: 存取被拒。 (0x5)
[1006/011854.684:ERROR:process_reader_win.cc(151)] SuspendThread: 存取被拒。 (0x5)
[1006/011854.684:ERROR:process_reader_win.cc(151)] SuspendThread: 存取被拒。 (0x5)
[1006/011854.684:ERROR:process_reader_win.cc(151)] SuspendThread: 存取被拒。 (0x5)
[1006/011854.684:ERROR:process_reader_win.cc(151)] SuspendThread: 存取被拒。 (0x5)
[1006/011854.684:ERROR:process_reader_win.cc(151)] SuspendThread: 存取被拒。 (0x5)
[1006/011854.684:ERROR:process_reader_win.cc(151)] SuspendThread: 存取被拒。 (0x5)
[1006/011854.684:ERROR:process_reader_win.cc(123)] NtOpenThread: {拒絕存取} 程序已請求存取一物件，但未被授與存取權。 (0xc0000022)
[1006/011854.684:ERROR:exception_snapshot_win.cc(99)] thread ID 7392 not found in process
[1006/011854.750:ERROR:process_reader_win.cc(151)] SuspendThread: 存取被拒。 (0x5)
[1006/011854.751:ERROR:process_reader_win.cc(151)] SuspendThread: 存取被拒。 (0x5)
[1006/011854.751:ERROR:process_reader_win.cc(123)] NtOpenThread: {拒絕存取} 程序已請求存取一物件，但未被授與存取權。 (0xc0000022)
[1006/011854.751:ERROR:exception_snapshot_win.cc(99)] thread ID 22636 not found in process
[1006/011854.807:ERROR:process_reader_win.cc(151)] SuspendThread: 存取被拒。 (0x5)
[1006/011854.807:ERROR:process_reader_win.cc(151)] SuspendThread: 存取被拒。 (0x5)
[1006/011854.807:ERROR:process_reader_win.cc(123)] NtOpenThread: {拒絕存取} 程序已請求存取一物件，但未被授與存取權。 (0xc0000022)
[1006/011854.807:ERROR:exception_snapshot_win.cc(99)] thread ID 24004 not found in process
[1006/011854.867:ERROR:process_reader_win.cc(151)] SuspendThread: 存取被拒。 (0x5)
[1006/011854.867:ERROR:process_reader_win.cc(151)] SuspendThread: 存取被拒。 (0x5)
[1006/011854.867:ERROR:process_reader_win.cc(151)] SuspendThread: 存取被拒。 (0x5)
[1006/011854.867:ERROR:process_reader_win.cc(151)] SuspendThread: 存取被拒。 (0x5)
[1006/011854.867:ERROR:process_reader_win.cc(123)] NtOpenThread: {拒絕存取} 程序已請求存取一物件，但未被授與存取權。 (0xc0000022)
[1006/011854.868:ERROR:exception_snapshot_win.cc(99)] thread ID 18920 not found in process
[1006/011854.944:ERROR:process_reader_win.cc(151)] SuspendThread: 存取被拒。 (0x5)
[1006/011854.944:ERROR:process_reader_win.cc(123)] NtOpenThread: {拒絕存取} 程序已請求存取一物件，但未被授與存取權。 (0xc0000022)
[1006/011854.944:ERROR:exception_snapshot_win.cc(99)] thread ID 19848 not found in process
[1006/011855.101:ERROR:process_reader_win.cc(151)] SuspendThread: 存取被拒。 (0x5)
[1006/011855.101:ERROR:process_reader_win.cc(151)] SuspendThread: 存取被拒。 (0x5)
[1006/011855.101:ERROR:process_reader_win.cc(151)] SuspendThread: 存取被拒。 (0x5)
[1006/011855.101:ERROR:process_reader_win.cc(151)] SuspendThread: 存取被拒。 (0x5)
[1006/011855.101:ERROR:process_reader_win.cc(151)] SuspendThread: 存取被拒。 (0x5)
[1006/011855.101:ERROR:process_reader_win.cc(151)] SuspendThread: 存取被拒。 (0x5)
[1006/011855.101:ERROR:process_reader_win.cc(151)] SuspendThread: 存取被拒。 (0x5)
[1006/011855.101:ERROR:process_reader_win.cc(151)] SuspendThread: 存取被拒。 (0x5)
[1006/011855.101:ERROR:process_reader_win.cc(151)] SuspendThread: 存取被拒。 (0x5)
[1006/011855.101:ERROR:process_reader_win.cc(151)] SuspendThread: 存取被拒。 (0x5)
[1006/011855.102:ERROR:process_reader_win.cc(151)] SuspendThread: 存取被拒。 (0x5)
[1006/011855.102:ERROR:process_reader_win.cc(151)] SuspendThread: 存取被拒。 (0x5)
[1006/011855.102:ERROR:process_reader_win.cc(151)] SuspendThread: 存取被拒。 (0x5)
[1006/011855.102:ERROR:process_reader_win.cc(151)] SuspendThread: 存取被拒。 (0x5)
[1006/011855.102:ERROR:process_reader_win.cc(123)] NtOpenThread: {拒絕存取} 程序已請求存取一物件，但未被授與存取權。 (0xc0000022)
[1006/011855.102:ERROR:exception_snapshot_win.cc(99)] thread ID 25508 not found in process
[1006/011855.146:ERROR:process_reader_win.cc(151)] SuspendThread: 存取被拒。 (0x5)
[1006/011855.147:ERROR:process_reader_win.cc(151)] SuspendThread: 存取被拒。 (0x5)
[1006/011855.147:ERROR:process_reader_win.cc(151)] SuspendThread: 存取被拒。 (0x5)
[1006/011855.147:ERROR:process_reader_win.cc(151)] SuspendThread: 存取被拒。 (0x5)
[1006/011855.147:ERROR:process_reader_win.cc(151)] SuspendThread: 存取被拒。 (0x5)
[1006/011855.147:ERROR:process_reader_win.cc(151)] SuspendThread: 存取被拒。 (0x5)
[1006/011855.147:ERROR:process_reader_win.cc(151)] SuspendThread: 存取被拒。 (0x5)
[1006/011855.147:ERROR:process_reader_win.cc(151)] SuspendThread: 存取被拒。 (0x5)
[1006/011855.147:ERROR:process_reader_win.cc(151)] SuspendThread: 存取被拒。 (0x5)
[1006/011855.147:ERROR:process_reader_win.cc(151)] SuspendThread: 存取被拒。 (0x5)
[1006/011855.147:ERROR:process_reader_win.cc(151)] SuspendThread: 存取被拒。 (0x5)
[1006/011855.147:ERROR:process_reader_win.cc(151)] SuspendThread: 存取被拒。 (0x5)
[1006/011855.147:ERROR:process_reader_win.cc(151)] SuspendThread: 存取被拒。 (0x5)
[1006/011855.148:ERROR:process_reader_win.cc(151)] SuspendThread: 存取被拒。 (0x5)
[1006/011855.148:ERROR:process_reader_win.cc(151)] SuspendThread: 存取被拒。 (0x5)
[1006/011855.148:ERROR:process_reader_win.cc(151)] SuspendThread: 存取被拒。 (0x5)
[1006/011855.148:ERROR:process_reader_win.cc(151)] SuspendThread: 存取被拒。 (0x5)
[1006/011855.148:ERROR:process_reader_win.cc(151)] SuspendThread: 存取被拒。 (0x5)
[1006/011855.148:ERROR:process_reader_win.cc(123)] NtOpenThread: {拒絕存取} 程序已請求存取一物件，但未被授與存取權。 (0xc0000022)
[1006/011855.148:ERROR:exception_snapshot_win.cc(99)] thread ID 30892 not found in process
[1006/011855.221:ERROR:process_reader_win.cc(151)] SuspendThread: 存取被拒。 (0x5)
[1006/011855.221:ERROR:process_reader_win.cc(151)] SuspendThread: 存取被拒。 (0x5)
[1006/011855.222:ERROR:process_reader_win.cc(151)] SuspendThread: 存取被拒。 (0x5)
[1006/011855.222:ERROR:process_reader_win.cc(123)] NtOpenThread: {拒絕存取} 程序已請求存取一物件，但未被授與存取權。 (0xc0000022)
[1006/011855.222:ERROR:exception_snapshot_win.cc(99)] thread ID 5424 not found in process
[1006/011855.291:ERROR:process_reader_win.cc(151)] SuspendThread: 存取被拒。 (0x5)
[1006/011855.292:ERROR:process_reader_win.cc(151)] SuspendThread: 存取被拒。 (0x5)
[1006/011855.292:ERROR:process_reader_win.cc(123)] NtOpenThread: {拒絕存取} 程序已請求存取一物件，但未被授與存取權。 (0xc0000022)
[1006/011855.292:ERROR:exception_snapshot_win.cc(99)] thread ID 9500 not found in process
[1006/011855.365:ERROR:process_reader_win.cc(151)] SuspendThread: 存取被拒。 (0x5)
[1006/011855.366:ERROR:process_reader_win.cc(151)] SuspendThread: 存取被拒。 (0x5)
[1006/011855.366:ERROR:process_reader_win.cc(151)] SuspendThread: 存取被拒。 (0x5)
[1006/011855.366:ERROR:process_reader_win.cc(123)] NtOpenThread: {拒絕存取} 程序已請求存取一物件，但未被授與存取權。 (0xc0000022)
[1006/011855.366:ERROR:exception_snapshot_win.cc(99)] thread ID 27596 not found in process
[1006/011855.457:ERROR:process_reader_win.cc(151)] SuspendThread: 存取被拒。 (0x5)
[1006/011855.457:ERROR:process_reader_win.cc(123)] NtOpenThread: {拒絕存取} 程序已請求存取一物件，但未被授與存取權。 (0xc0000022)
[1006/011855.457:ERROR:exception_snapshot_win.cc(99)] thread ID 29444 not found in process
[1006/011855.513:ERROR:process_reader_win.cc(151)] SuspendThread: 存取被拒。 (0x5)
[1006/011855.514:ERROR:process_reader_win.cc(151)] SuspendThread: 存取被拒。 (0x5)
[1006/011855.514:ERROR:process_reader_win.cc(151)] SuspendThread: 存取被拒。 (0x5)
[1006/011855.514:ERROR:process_reader_win.cc(123)] NtOpenThread: {拒絕存取} 程序已請求存取一物件，但未被授與存取權。 (0xc0000022)
[1006/011855.514:ERROR:exception_snapshot_win.cc(99)] thread ID 26216 not found in process
[1006/011855.561:ERROR:process_reader_win.cc(151)] SuspendThread: 存取被拒。 (0x5)
[1006/011855.561:ERROR:process_reader_win.cc(123)] NtOpenThread: {拒絕存取} 程序已請求存取一物件，但未被授與存取權。 (0xc0000022)
[1006/011855.561:ERROR:exception_snapshot_win.cc(99)] thread ID 15708 not found in process
[1006/011855.688:ERROR:process_reader_win.cc(151)] SuspendThread: 存取被拒。 (0x5)
[1006/011855.688:ERROR:process_reader_win.cc(151)] SuspendThread: 存取被拒。 (0x5)
[1006/011855.688:ERROR:process_reader_win.cc(151)] SuspendThread: 存取被拒。 (0x5)
[1006/011855.688:ERROR:process_reader_win.cc(151)] SuspendThread: 存取被拒。 (0x5)
[1006/011855.688:ERROR:process_reader_win.cc(151)] SuspendThread: 存取被拒。 (0x5)
[1006/011855.688:ERROR:process_reader_win.cc(151)] SuspendThread: 存取被拒。 (0x5)
[1006/011855.689:ERROR:process_reader_win.cc(151)] SuspendThread: 存取被拒。 (0x5)
[1006/011855.689:ERROR:process_reader_win.cc(151)] SuspendThread: 存取被拒。 (0x5)
[1006/011855.689:ERROR:process_reader_win.cc(151)] SuspendThread: 存取被拒。 (0x5)
[1006/011855.689:ERROR:process_reader_win.cc(151)] SuspendThread: 存取被拒。 (0x5)
[1006/011855.689:ERROR:process_reader_win.cc(151)] SuspendThread: 存取被拒。 (0x5)
[1006/011855.689:ERROR:process_reader_win.cc(151)] SuspendThread: 存取被拒。 (0x5)
[1006/011855.689:ERROR:process_reader_win.cc(123)] NtOpenThread: {拒絕存取} 程序已請求存取一物件，但未被授與存取權。 (0xc0000022)
[1006/011855.689:ERROR:exception_snapshot_win.cc(99)] thread ID 16380 not found in process
[1006/011855.741:ERROR:process_reader_win.cc(151)] SuspendThread: 存取被拒。 (0x5)
[1006/011855.741:ERROR:process_reader_win.cc(151)] SuspendThread: 存取被拒。 (0x5)
[1006/011855.741:ERROR:process_reader_win.cc(151)] SuspendThread: 存取被拒。 (0x5)
[1006/011855.741:ERROR:process_reader_win.cc(123)] NtOpenThread: {拒絕存取} 程序已請求存取一物件，但未被授與存取權。 (0xc0000022)
[1006/011855.741:ERROR:exception_snapshot_win.cc(99)] thread ID 22540 not found in process
[1006/011855.808:ERROR:process_reader_win.cc(151)] SuspendThread: 存取被拒。 (0x5)
[1006/011855.808:ERROR:process_reader_win.cc(151)] SuspendThread: 存取被拒。 (0x5)
[1006/011855.808:ERROR:process_reader_win.cc(123)] NtOpenThread: {拒絕存取} 程序已請求存取一物件，但未被授與存取權。 (0xc0000022)
[1006/011855.808:ERROR:exception_snapshot_win.cc(99)] thread ID 14488 not found in process
[1006/011855.851:ERROR:process_reader_win.cc(151)] SuspendThread: 存取被拒。 (0x5)
[1006/011855.855:ERROR:process_reader_win.cc(151)] SuspendThread: 存取被拒。 (0x5)
[1006/011855.856:ERROR:process_reader_win.cc(151)] SuspendThread: 存取被拒。 (0x5)
[1006/011855.856:ERROR:process_reader_win.cc(151)] SuspendThread: 存取被拒。 (0x5)
[1006/011855.856:ERROR:process_reader_win.cc(151)] SuspendThread: 存取被拒。 (0x5)
[1006/011855.856:ERROR:process_reader_win.cc(151)] SuspendThread: 存取被拒。 (0x5)
[1006/011855.856:ERROR:process_reader_win.cc(151)] SuspendThread: 存取被拒。 (0x5)
[1006/011855.856:ERROR:process_reader_win.cc(151)] SuspendThread: 存取被拒。 (0x5)
[1006/011855.856:ERROR:process_reader_win.cc(151)] SuspendThread: 存取被拒。 (0x5)
[1006/011855.856:ERROR:process_reader_win.cc(123)] NtOpenThread: {拒絕存取} 程序已請求存取一物件，但未被授與存取權。 (0xc0000022)
[1006/011855.856:ERROR:exception_snapshot_win.cc(99)] thread ID 26192 not found in process
[1006/011856.024:ERROR:process_reader_win.cc(123)] NtOpenThread: {拒絕存取} 程序已請求存取一物件，但未被授與存取權。 (0xc0000022)
[1006/011856.024:ERROR:exception_snapshot_win.cc(99)] thread ID 2712 not found in process
[1006/132237.274:ERROR:process_reader_win.cc(123)] NtOpenThread: {拒絕存取} 程序已請求存取一物件，但未被授與存取權。 (0xc0000022)
[1006/132237.275:ERROR:exception_snapshot_win.cc(99)] thread ID 35928 not found in process
[1006/132237.311:ERROR:process_reader_win.cc(123)] NtOpenThread: {拒絕存取} 程序已請求存取一物件，但未被授與存取權。 (0xc0000022)
[1006/132237.311:ERROR:exception_snapshot_win.cc(99)] thread ID 36240 not found in process
[1203/145048.002:ERROR:directory_reader_win.cc(43)] FindFirstFile: 系統找不到指定的路徑。 (0x3)
[1203/152509.712:ERROR:directory_reader_win.cc(43)] FindFirstFile: 系統找不到指定的路徑。 (0x3)
[1203/172320.381:ERROR:directory_reader_win.cc(43)] FindFirstFile: 系統找不到指定的路徑。 (0x3)
[1203/172822.054:ERROR:directory_reader_win.cc(43)] FindFirstFile: 系統找不到指定的路徑。 (0x3)
[1203/175411.782:ERROR:directory_reader_win.cc(43)] FindFirstFile: 系統找不到指定的路徑。 (0x3)
[1204/114324.343:ERROR:directory_reader_win.cc(43)] FindFirstFile: 系統找不到指定的路徑。 (0x3)
[1204/115348.331:ERROR:directory_reader_win.cc(43)] FindFirstFile: 系統找不到指定的路徑。 (0x3)
